2024-10-07 14:07:25.674 +02:00 [INF] User profile is available. Using '/Users/alexmccorkle/.aspnet/DataProtection-Keys' as key repository; keys will not be encrypted at rest.
2024-10-07 14:07:25.982 +02:00 [INF] Now listening on: https://localhost:7119
2024-10-07 14:07:25.984 +02:00 [INF] Now listening on: http://localhost:5041
2024-10-07 14:07:25.987 +02:00 [INF] Application started. Press Ctrl+C to shut down.
2024-10-07 14:07:25.988 +02:00 [INF] Hosting environment: Development
2024-10-07 14:07:26.151 +02:00 [INF] Content root path: /Users/alexmccorkle/Documents/IT/Year_3/WebApp/MVCDemos/MyShop
2024-10-07 14:07:26.462 +02:00 [INF] Request starting HTTP/2 GET https://localhost:7119/ - null null
2024-10-07 14:07:26.474 +02:00 [INF] Executing endpoint 'MyShop.Controllers.HomeController.Index (MyShop)'
2024-10-07 14:07:26.480 +02:00 [INF] Route matched with {action = "Index", controller = "Home"}. Executing controller action with signature Microsoft.AspNetCore.Mvc.IActionResult Index() on controller MyShop.Controllers.HomeController (MyShop).
2024-10-07 14:07:26.484 +02:00 [INF] Executing ViewResult, running view Index.
2024-10-07 14:07:26.525 +02:00 [INF] Executed ViewResult - view Index executed in 39.5591ms.
2024-10-07 14:07:26.527 +02:00 [INF] Executed action MyShop.Controllers.HomeController.Index (MyShop) in 46.8992ms
2024-10-07 14:07:26.527 +02:00 [INF] Executed endpoint 'MyShop.Controllers.HomeController.Index (MyShop)'
2024-10-07 14:07:26.529 +02:00 [INF] Request finished HTTP/2 GET https://localhost:7119/ - 200 null text/html; charset=utf-8 67.0798ms
2024-10-07 14:07:26.645 +02:00 [INF] Request starting HTTP/2 GET https://localhost:7119/favicon.ico - null null
2024-10-07 14:07:26.656 +02:00 [INF] Request finished HTTP/2 GET https://localhost:7119/favicon.ico - 499 null null 11.3285ms
2024-10-07 14:07:26.656 +02:00 [INF] Request reached the end of the middleware pipeline without being handled by application code. Request path: GET https://localhost:7119/favicon.ico, Response status code: 499
2024-10-07 14:07:28.697 +02:00 [INF] Request starting HTTP/2 GET https://localhost:7119/Item/Table - null null
2024-10-07 14:07:28.699 +02:00 [INF] Executing endpoint 'MyShop.Controllers.ItemController.Table (MyShop)'
2024-10-07 14:07:28.706 +02:00 [INF] Route matched with {action = "Table", controller = "Item"}. Executing controller action with signature System.Threading.Tasks.Task`1[Microsoft.AspNetCore.Mvc.IActionResult] Table() on controller MyShop.Controllers.ItemController (MyShop).
2024-10-07 14:07:28.779 +02:00 [INF] Executing ViewResult, running view Table.
2024-10-07 14:07:28.791 +02:00 [INF] Executed ViewResult - view Table executed in 12.3255ms.
2024-10-07 14:07:28.792 +02:00 [INF] Executed action MyShop.Controllers.ItemController.Table (MyShop) in 85.5028ms
2024-10-07 14:07:28.792 +02:00 [INF] Executed endpoint 'MyShop.Controllers.ItemController.Table (MyShop)'
2024-10-07 14:07:28.794 +02:00 [INF] Request finished HTTP/2 GET https://localhost:7119/Item/Table - 200 null text/html; charset=utf-8 97.5168ms
2024-10-07 14:07:28.830 +02:00 [INF] Request starting HTTP/2 GET https://localhost:7119/images/cider.jpg - null null
2024-10-07 14:07:28.830 +02:00 [INF] Request starting HTTP/2 GET https://localhost:7119/images/ribs.jpg - null null
2024-10-07 14:07:28.831 +02:00 [INF] Request starting HTTP/2 GET https://localhost:7119/images/coke.jpg - null null
2024-10-07 14:07:28.932 +02:00 [INF] Request starting HTTP/2 GET https://localhost:7119/favicon.ico - null null
2024-10-07 14:07:28.958 +02:00 [INF] Request finished HTTP/2 GET https://localhost:7119/favicon.ico - 499 null null 49.0693ms
2024-10-07 14:07:28.958 +02:00 [INF] Request reached the end of the middleware pipeline without being handled by application code. Request path: GET https://localhost:7119/favicon.ico, Response status code: 499
2024-10-07 14:07:28.964 +02:00 [INF] Sending file. Request path: '/images/ribs.jpg'. Physical path: '/Users/alexmccorkle/Documents/IT/Year_3/WebApp/MVCDemos/MyShop/wwwroot/images/ribs.jpg'
2024-10-07 14:07:28.964 +02:00 [INF] Sending file. Request path: '/images/coke.jpg'. Physical path: '/Users/alexmccorkle/Documents/IT/Year_3/WebApp/MVCDemos/MyShop/wwwroot/images/coke.jpg'
2024-10-07 14:07:28.964 +02:00 [INF] Request finished HTTP/2 GET https://localhost:7119/images/ribs.jpg - 499 141554 image/jpeg 133.5796ms
2024-10-07 14:07:28.964 +02:00 [INF] Request finished HTTP/2 GET https://localhost:7119/images/coke.jpg - 499 40331 image/jpeg 133.4516ms
2024-10-07 14:07:28.964 +02:00 [INF] Sending file. Request path: '/images/cider.jpg'. Physical path: '/Users/alexmccorkle/Documents/IT/Year_3/WebApp/MVCDemos/MyShop/wwwroot/images/cider.jpg'
2024-10-07 14:07:28.964 +02:00 [INF] Request finished HTTP/2 GET https://localhost:7119/images/cider.jpg - 499 28236 image/jpeg 134.1215ms
2024-10-07 14:07:30.173 +02:00 [INF] Request starting HTTP/2 GET https://localhost:7119/Item/Create - null null
2024-10-07 14:07:30.176 +02:00 [INF] Executing endpoint 'MyShop.Controllers.ItemController.Create (MyShop)'
2024-10-07 14:07:30.179 +02:00 [INF] Route matched with {action = "Create", controller = "Item"}. Executing controller action with signature Microsoft.AspNetCore.Mvc.IActionResult Create() on controller MyShop.Controllers.ItemController (MyShop).
2024-10-07 14:07:30.180 +02:00 [INF] Executing ViewResult, running view Create.
2024-10-07 14:07:30.212 +02:00 [INF] Executed ViewResult - view Create executed in 32.5121ms.
2024-10-07 14:07:30.215 +02:00 [INF] Executed action MyShop.Controllers.ItemController.Create (MyShop) in 35.8633ms
2024-10-07 14:07:30.215 +02:00 [INF] Executed endpoint 'MyShop.Controllers.ItemController.Create (MyShop)'
2024-10-07 14:07:30.218 +02:00 [INF] Request finished HTTP/2 GET https://localhost:7119/Item/Create - 200 null text/html; charset=utf-8 44.807ms
2024-10-07 14:07:41.021 +02:00 [INF] Request starting HTTP/2 POST https://localhost:7119/Item/Create - application/x-www-form-urlencoded 234
2024-10-07 14:07:41.049 +02:00 [INF] Executing endpoint 'MyShop.Controllers.ItemController.Create (MyShop)'
2024-10-07 14:07:41.073 +02:00 [INF] Route matched with {action = "Create", controller = "Item"}. Executing controller action with signature System.Threading.Tasks.Task`1[Microsoft.AspNetCore.Mvc.IActionResult] Create(MyShop.Models.Item) on controller MyShop.Controllers.ItemController (MyShop).
2024-10-07 14:07:41.096 +02:00 [WRN] [ItemController] Item creation failed {"ItemId":0,"Name":"2","Price":0,"Description":"Great food! ","ImageUrl":null,"OrderItems":null,"$type":"Item"}
2024-10-07 14:07:41.098 +02:00 [INF] Executing ViewResult, running view Create.
2024-10-07 14:07:41.258 +02:00 [INF] Executed ViewResult - view Create executed in 159.7095ms.
2024-10-07 14:07:41.329 +02:00 [INF] Executed action MyShop.Controllers.ItemController.Create (MyShop) in 256.0368ms
2024-10-07 14:07:41.329 +02:00 [INF] Executed endpoint 'MyShop.Controllers.ItemController.Create (MyShop)'
2024-10-07 14:07:41.330 +02:00 [INF] Request finished HTTP/2 POST https://localhost:7119/Item/Create - 200 null text/html; charset=utf-8 334.6715ms
2024-10-07 14:07:55.913 +02:00 [INF] Request starting HTTP/2 POST https://localhost:7119/Item/Create - application/x-www-form-urlencoded 250
2024-10-07 14:07:55.917 +02:00 [INF] Executing endpoint 'MyShop.Controllers.ItemController.Create (MyShop)'
2024-10-07 14:07:55.918 +02:00 [INF] Route matched with {action = "Create", controller = "Item"}. Executing controller action with signature System.Threading.Tasks.Task`1[Microsoft.AspNetCore.Mvc.IActionResult] Create(MyShop.Models.Item) on controller MyShop.Controllers.ItemController (MyShop).
2024-10-07 14:07:55.927 +02:00 [WRN] [ItemController] Item creation failed {"ItemId":0,"Name":"Golden Burrito","Price":5000,"Description":"Great food! ","ImageUrl":null,"OrderItems":null,"$type":"Item"}
2024-10-07 14:07:55.928 +02:00 [INF] Executing ViewResult, running view Create.
2024-10-07 14:07:56.033 +02:00 [INF] Executed ViewResult - view Create executed in 104.8826ms.
2024-10-07 14:07:56.033 +02:00 [INF] Executed action MyShop.Controllers.ItemController.Create (MyShop) in 115.2687ms
2024-10-07 14:07:56.034 +02:00 [INF] Executed endpoint 'MyShop.Controllers.ItemController.Create (MyShop)'
2024-10-07 14:07:56.034 +02:00 [INF] Request finished HTTP/2 POST https://localhost:7119/Item/Create - 200 null text/html; charset=utf-8 143.4966ms
2024-10-07 14:08:08.425 +02:00 [INF] Request starting HTTP/2 POST https://localhost:7119/Item/Create - application/x-www-form-urlencoded 249
2024-10-07 14:08:08.429 +02:00 [INF] Executing endpoint 'MyShop.Controllers.ItemController.Create (MyShop)'
2024-10-07 14:08:08.430 +02:00 [INF] Route matched with {action = "Create", controller = "Item"}. Executing controller action with signature System.Threading.Tasks.Task`1[Microsoft.AspNetCore.Mvc.IActionResult] Create(MyShop.Models.Item) on controller MyShop.Controllers.ItemController (MyShop).
2024-10-07 14:08:08.439 +02:00 [WRN] [ItemController] Item creation failed {"ItemId":0,"Name":"GoldenBurrito","Price":5000,"Description":"Great food! ","ImageUrl":null,"OrderItems":null,"$type":"Item"}
2024-10-07 14:08:08.440 +02:00 [INF] Executing ViewResult, running view Create.
2024-10-07 14:08:08.547 +02:00 [INF] Executed ViewResult - view Create executed in 107.5314ms.
2024-10-07 14:08:08.598 +02:00 [INF] Executed action MyShop.Controllers.ItemController.Create (MyShop) in 166.6905ms
2024-10-07 14:08:08.625 +02:00 [INF] Executed endpoint 'MyShop.Controllers.ItemController.Create (MyShop)'
2024-10-07 14:08:08.650 +02:00 [INF] Request finished HTTP/2 POST https://localhost:7119/Item/Create - 200 null text/html; charset=utf-8 225.7317ms
2024-10-07 14:08:14.368 +02:00 [INF] Request starting HTTP/2 POST https://localhost:7119/Item/Create - application/x-www-form-urlencoded 255
2024-10-07 14:08:14.371 +02:00 [INF] Executing endpoint 'MyShop.Controllers.ItemController.Create (MyShop)'
2024-10-07 14:08:14.372 +02:00 [INF] Route matched with {action = "Create", controller = "Item"}. Executing controller action with signature System.Threading.Tasks.Task`1[Microsoft.AspNetCore.Mvc.IActionResult] Create(MyShop.Models.Item) on controller MyShop.Controllers.ItemController (MyShop).
2024-10-07 14:08:14.378 +02:00 [WRN] [ItemController] Item creation failed {"ItemId":0,"Name":"GoldenBurrito","Price":5000,"Description":"Great food! ","ImageUrl":"/pic","OrderItems":null,"$type":"Item"}
2024-10-07 14:08:14.379 +02:00 [INF] Executing ViewResult, running view Create.
2024-10-07 14:08:14.478 +02:00 [INF] Executed ViewResult - view Create executed in 99.304ms.
2024-10-07 14:08:14.479 +02:00 [INF] Executed action MyShop.Controllers.ItemController.Create (MyShop) in 106.7437ms
2024-10-07 14:08:14.479 +02:00 [INF] Executed endpoint 'MyShop.Controllers.ItemController.Create (MyShop)'
2024-10-07 14:08:14.479 +02:00 [INF] Request finished HTTP/2 POST https://localhost:7119/Item/Create - 200 null text/html; charset=utf-8 111.1959ms
2024-10-07 14:08:17.497 +02:00 [INF] Request starting HTTP/2 POST https://localhost:7119/Item/Create - application/x-www-form-urlencoded 247
2024-10-07 14:08:17.498 +02:00 [INF] Executing endpoint 'MyShop.Controllers.ItemController.Create (MyShop)'
2024-10-07 14:08:17.499 +02:00 [INF] Route matched with {action = "Create", controller = "Item"}. Executing controller action with signature System.Threading.Tasks.Task`1[Microsoft.AspNetCore.Mvc.IActionResult] Create(MyShop.Models.Item) on controller MyShop.Controllers.ItemController (MyShop).
2024-10-07 14:08:17.503 +02:00 [WRN] [ItemController] Item creation failed {"ItemId":0,"Name":"12215","Price":5000,"Description":"Great food! ","ImageUrl":"/pic","OrderItems":null,"$type":"Item"}
2024-10-07 14:08:17.504 +02:00 [INF] Executing ViewResult, running view Create.
2024-10-07 14:08:17.584 +02:00 [INF] Executed ViewResult - view Create executed in 80.7597ms.
2024-10-07 14:08:17.585 +02:00 [INF] Executed action MyShop.Controllers.ItemController.Create (MyShop) in 86.0867ms
2024-10-07 14:08:17.585 +02:00 [INF] Executed endpoint 'MyShop.Controllers.ItemController.Create (MyShop)'
2024-10-07 14:08:17.585 +02:00 [INF] Request finished HTTP/2 POST https://localhost:7119/Item/Create - 200 null text/html; charset=utf-8 87.9741ms
2024-10-07 14:08:19.752 +02:00 [INF] Request starting HTTP/2 POST https://localhost:7119/Item/Create - application/x-www-form-urlencoded 247
2024-10-07 14:08:19.753 +02:00 [INF] Executing endpoint 'MyShop.Controllers.ItemController.Create (MyShop)'
2024-10-07 14:08:19.753 +02:00 [INF] Route matched with {action = "Create", controller = "Item"}. Executing controller action with signature System.Threading.Tasks.Task`1[Microsoft.AspNetCore.Mvc.IActionResult] Create(MyShop.Models.Item) on controller MyShop.Controllers.ItemController (MyShop).
2024-10-07 14:08:19.757 +02:00 [WRN] [ItemController] Item creation failed {"ItemId":0,"Name":"asfaf","Price":5000,"Description":"Great food! ","ImageUrl":"/pic","OrderItems":null,"$type":"Item"}
2024-10-07 14:08:19.757 +02:00 [INF] Executing ViewResult, running view Create.
2024-10-07 14:08:19.834 +02:00 [INF] Executed ViewResult - view Create executed in 51.963ms.
2024-10-07 14:08:19.834 +02:00 [INF] Executed action MyShop.Controllers.ItemController.Create (MyShop) in 81.1581ms
2024-10-07 14:08:19.834 +02:00 [INF] Executed endpoint 'MyShop.Controllers.ItemController.Create (MyShop)'
2024-10-07 14:08:19.835 +02:00 [INF] Request finished HTTP/2 POST https://localhost:7119/Item/Create - 200 null text/html; charset=utf-8 82.6451ms
2024-10-07 14:08:19.928 +02:00 [INF] Request starting HTTP/2 GET https://localhost:7119/favicon.ico - null null
2024-10-07 14:08:19.975 +02:00 [INF] Request finished HTTP/2 GET https://localhost:7119/favicon.ico - 499 null null 67.9425ms
2024-10-07 14:08:19.975 +02:00 [INF] Request reached the end of the middleware pipeline without being handled by application code. Request path: GET https://localhost:7119/favicon.ico, Response status code: 499
2024-10-07 14:08:23.341 +02:00 [INF] Request starting HTTP/2 POST https://localhost:7119/Item/Create - application/x-www-form-urlencoded 242
2024-10-07 14:08:23.342 +02:00 [INF] Executing endpoint 'MyShop.Controllers.ItemController.Create (MyShop)'
2024-10-07 14:08:23.342 +02:00 [INF] Route matched with {action = "Create", controller = "Item"}. Executing controller action with signature System.Threading.Tasks.Task`1[Microsoft.AspNetCore.Mvc.IActionResult] Create(MyShop.Models.Item) on controller MyShop.Controllers.ItemController (MyShop).
2024-10-07 14:08:23.346 +02:00 [WRN] [ItemController] Item creation failed {"ItemId":0,"Name":null,"Price":5000,"Description":"Great food! ","ImageUrl":"/pic","OrderItems":null,"$type":"Item"}
2024-10-07 14:08:23.346 +02:00 [INF] Executing ViewResult, running view Create.
2024-10-07 14:08:23.448 +02:00 [INF] Executed ViewResult - view Create executed in 102.2799ms.
2024-10-07 14:08:23.491 +02:00 [INF] Executed action MyShop.Controllers.ItemController.Create (MyShop) in 149.4225ms
2024-10-07 14:08:23.517 +02:00 [INF] Executed endpoint 'MyShop.Controllers.ItemController.Create (MyShop)'
2024-10-07 14:08:23.519 +02:00 [INF] Request finished HTTP/2 POST https://localhost:7119/Item/Create - 200 null text/html; charset=utf-8 177.9799ms
2024-10-07 14:08:29.564 +02:00 [INF] Request starting HTTP/2 POST https://localhost:7119/Item/Create - application/x-www-form-urlencoded 250
2024-10-07 14:08:29.565 +02:00 [INF] Executing endpoint 'MyShop.Controllers.ItemController.Create (MyShop)'
2024-10-07 14:08:29.566 +02:00 [INF] Route matched with {action = "Create", controller = "Item"}. Executing controller action with signature System.Threading.Tasks.Task`1[Microsoft.AspNetCore.Mvc.IActionResult] Create(MyShop.Models.Item) on controller MyShop.Controllers.ItemController (MyShop).
2024-10-07 14:08:29.577 +02:00 [WRN] [ItemController] Item creation failed {"ItemId":0,"Name":"Wontwork","Price":5000,"Description":"Great food! ","ImageUrl":"/pic","OrderItems":null,"$type":"Item"}
2024-10-07 14:08:29.578 +02:00 [INF] Executing ViewResult, running view Create.
2024-10-07 14:08:29.659 +02:00 [INF] Executed ViewResult - view Create executed in 81.3358ms.
2024-10-07 14:08:29.736 +02:00 [INF] Executed action MyShop.Controllers.ItemController.Create (MyShop) in 169.5354ms
2024-10-07 14:08:29.761 +02:00 [INF] Executed endpoint 'MyShop.Controllers.ItemController.Create (MyShop)'
2024-10-07 14:08:29.762 +02:00 [INF] Request finished HTTP/2 POST https://localhost:7119/Item/Create - 200 null text/html; charset=utf-8 198.0533ms
