2024-10-07 14:09:32.482 +02:00 [INF] User profile is available. Using '/Users/alexmccorkle/.aspnet/DataProtection-Keys' as key repository; keys will not be encrypted at rest.
2024-10-07 14:09:32.790 +02:00 [INF] Now listening on: https://localhost:7119
2024-10-07 14:09:32.795 +02:00 [INF] Now listening on: http://localhost:5041
2024-10-07 14:09:32.797 +02:00 [INF] Application started. Press Ctrl+C to shut down.
2024-10-07 14:09:32.798 +02:00 [INF] Hosting environment: Development
2024-10-07 14:09:32.799 +02:00 [INF] Content root path: /Users/alexmccorkle/Documents/IT/Year_3/WebApp/MVCDemos/MyShop
2024-10-07 14:09:33.405 +02:00 [INF] Request starting HTTP/2 GET https://localhost:7119/ - null null
2024-10-07 14:09:33.416 +02:00 [INF] Executing endpoint 'MyShop.Controllers.HomeController.Index (MyShop)'
2024-10-07 14:09:33.452 +02:00 [INF] Route matched with {action = "Index", controller = "Home"}. Executing controller action with signature Microsoft.AspNetCore.Mvc.IActionResult Index() on controller MyShop.Controllers.HomeController (MyShop).
2024-10-07 14:09:33.457 +02:00 [INF] Executing ViewResult, running view Index.
2024-10-07 14:09:33.493 +02:00 [INF] Executed ViewResult - view Index executed in 35.0505ms.
2024-10-07 14:09:33.494 +02:00 [INF] Executed action MyShop.Controllers.HomeController.Index (MyShop) in 42.473ms
2024-10-07 14:09:33.495 +02:00 [INF] Executed endpoint 'MyShop.Controllers.HomeController.Index (MyShop)'
2024-10-07 14:09:33.496 +02:00 [INF] Request finished HTTP/2 GET https://localhost:7119/ - 200 null text/html; charset=utf-8 92.522ms
2024-10-07 14:09:38.412 +02:00 [INF] Request starting HTTP/2 GET https://localhost:7119/ - null null
2024-10-07 14:09:38.414 +02:00 [INF] Executing endpoint 'MyShop.Controllers.HomeController.Index (MyShop)'
2024-10-07 14:09:38.415 +02:00 [INF] Route matched with {action = "Index", controller = "Home"}. Executing controller action with signature Microsoft.AspNetCore.Mvc.IActionResult Index() on controller MyShop.Controllers.HomeController (MyShop).
2024-10-07 14:09:38.416 +02:00 [INF] Executing ViewResult, running view Index.
2024-10-07 14:09:38.420 +02:00 [INF] Executed ViewResult - view Index executed in 4.1963ms.
2024-10-07 14:09:38.420 +02:00 [INF] Executed action MyShop.Controllers.HomeController.Index (MyShop) in 4.9693ms
2024-10-07 14:09:38.420 +02:00 [INF] Executed endpoint 'MyShop.Controllers.HomeController.Index (MyShop)'
2024-10-07 14:09:38.421 +02:00 [INF] Request finished HTTP/2 GET https://localhost:7119/ - 200 null text/html; charset=utf-8 9.4904ms
2024-10-07 14:09:38.467 +02:00 [INF] Request starting HTTP/2 GET https://localhost:7119/favicon.ico - null null
2024-10-07 14:09:38.474 +02:00 [INF] Request finished HTTP/2 GET https://localhost:7119/favicon.ico - 499 null null 6.5353ms
2024-10-07 14:09:38.474 +02:00 [INF] Request reached the end of the middleware pipeline without being handled by application code. Request path: GET https://localhost:7119/favicon.ico, Response status code: 499
2024-10-07 14:09:39.319 +02:00 [INF] Request starting HTTP/2 GET https://localhost:7119/Item/Table - null null
2024-10-07 14:09:39.322 +02:00 [INF] Executing endpoint 'MyShop.Controllers.ItemController.Table (MyShop)'
2024-10-07 14:09:39.334 +02:00 [INF] Route matched with {action = "Table", controller = "Item"}. Executing controller action with signature System.Threading.Tasks.Task`1[Microsoft.AspNetCore.Mvc.IActionResult] Table() on controller MyShop.Controllers.ItemController (MyShop).
2024-10-07 14:09:39.397 +02:00 [INF] Executing ViewResult, running view Table.
2024-10-07 14:09:39.409 +02:00 [INF] Executed ViewResult - view Table executed in 13.328ms.
2024-10-07 14:09:39.435 +02:00 [INF] Executed action MyShop.Controllers.ItemController.Table (MyShop) in 100.345ms
2024-10-07 14:09:39.435 +02:00 [INF] Executed endpoint 'MyShop.Controllers.ItemController.Table (MyShop)'
2024-10-07 14:09:39.438 +02:00 [INF] Request finished HTTP/2 GET https://localhost:7119/Item/Table - 200 null text/html; charset=utf-8 119.0686ms
2024-10-07 14:09:40.219 +02:00 [INF] Request starting HTTP/2 GET https://localhost:7119/Item/Table - null null
2024-10-07 14:09:40.224 +02:00 [INF] Executing endpoint 'MyShop.Controllers.ItemController.Table (MyShop)'
2024-10-07 14:09:40.235 +02:00 [INF] Route matched with {action = "Table", controller = "Item"}. Executing controller action with signature System.Threading.Tasks.Task`1[Microsoft.AspNetCore.Mvc.IActionResult] Table() on controller MyShop.Controllers.ItemController (MyShop).
2024-10-07 14:09:40.263 +02:00 [INF] Executing ViewResult, running view Table.
2024-10-07 14:09:40.286 +02:00 [INF] Executed ViewResult - view Table executed in 22.9089ms.
2024-10-07 14:09:40.289 +02:00 [INF] Executed action MyShop.Controllers.ItemController.Table (MyShop) in 53.5435ms
2024-10-07 14:09:40.289 +02:00 [INF] Executed endpoint 'MyShop.Controllers.ItemController.Table (MyShop)'
2024-10-07 14:09:40.292 +02:00 [INF] Request finished HTTP/2 GET https://localhost:7119/Item/Table - 200 null text/html; charset=utf-8 97.2506ms
2024-10-07 14:09:41.700 +02:00 [INF] Request starting HTTP/2 GET https://localhost:7119/Item/Create - null null
2024-10-07 14:09:41.701 +02:00 [INF] Executing endpoint 'MyShop.Controllers.ItemController.Create (MyShop)'
2024-10-07 14:09:41.704 +02:00 [INF] Route matched with {action = "Create", controller = "Item"}. Executing controller action with signature Microsoft.AspNetCore.Mvc.IActionResult Create() on controller MyShop.Controllers.ItemController (MyShop).
2024-10-07 14:09:41.707 +02:00 [INF] Executing ViewResult, running view Create.
2024-10-07 14:09:41.865 +02:00 [INF] Executed ViewResult - view Create executed in 158.5102ms.
2024-10-07 14:09:41.888 +02:00 [INF] Executed action MyShop.Controllers.ItemController.Create (MyShop) in 184.5554ms
2024-10-07 14:09:41.888 +02:00 [INF] Executed endpoint 'MyShop.Controllers.ItemController.Create (MyShop)'
2024-10-07 14:09:41.889 +02:00 [INF] Request finished HTTP/2 GET https://localhost:7119/Item/Create - 200 null text/html; charset=utf-8 188.3571ms
2024-10-07 14:09:47.365 +02:00 [INF] Request starting HTTP/2 POST https://localhost:7119/Item/Create - application/x-www-form-urlencoded 234
2024-10-07 14:09:47.368 +02:00 [INF] Executing endpoint 'MyShop.Controllers.ItemController.Create (MyShop)'
2024-10-07 14:09:47.389 +02:00 [INF] Route matched with {action = "Create", controller = "Item"}. Executing controller action with signature System.Threading.Tasks.Task`1[Microsoft.AspNetCore.Mvc.IActionResult] Create(MyShop.Models.Item) on controller MyShop.Controllers.ItemController (MyShop).
2024-10-07 14:09:47.429 +02:00 [INF] Executing RedirectResult, redirecting to /Item/Table.
2024-10-07 14:09:47.430 +02:00 [INF] Executed action MyShop.Controllers.ItemController.Create (MyShop) in 40.8803ms
2024-10-07 14:09:47.430 +02:00 [INF] Executed endpoint 'MyShop.Controllers.ItemController.Create (MyShop)'
2024-10-07 14:09:47.430 +02:00 [INF] Request finished HTTP/2 POST https://localhost:7119/Item/Create - 302 0 null 65.1123ms
2024-10-07 14:09:47.434 +02:00 [INF] Request starting HTTP/2 GET https://localhost:7119/Item/Table - null null
2024-10-07 14:09:47.434 +02:00 [INF] Executing endpoint 'MyShop.Controllers.ItemController.Table (MyShop)'
2024-10-07 14:09:47.434 +02:00 [INF] Route matched with {action = "Table", controller = "Item"}. Executing controller action with signature System.Threading.Tasks.Task`1[Microsoft.AspNetCore.Mvc.IActionResult] Table() on controller MyShop.Controllers.ItemController (MyShop).
2024-10-07 14:09:47.436 +02:00 [INF] Executing ViewResult, running view Table.
2024-10-07 14:09:47.463 +02:00 [INF] Executed ViewResult - view Table executed in 27.0551ms.
2024-10-07 14:09:47.514 +02:00 [INF] Executed action MyShop.Controllers.ItemController.Table (MyShop) in 80.1072ms
2024-10-07 14:09:47.562 +02:00 [INF] Executed endpoint 'MyShop.Controllers.ItemController.Table (MyShop)'
2024-10-07 14:09:47.563 +02:00 [INF] Request finished HTTP/2 GET https://localhost:7119/Item/Table - 200 null text/html; charset=utf-8 128.7094ms
2024-10-07 14:09:50.869 +02:00 [INF] Request starting HTTP/2 GET https://localhost:7119/Item/Delete/9 - null null
2024-10-07 14:09:50.871 +02:00 [INF] Executing endpoint 'MyShop.Controllers.ItemController.Delete (MyShop)'
2024-10-07 14:09:50.876 +02:00 [INF] Route matched with {action = "Delete", controller = "Item"}. Executing controller action with signature System.Threading.Tasks.Task`1[Microsoft.AspNetCore.Mvc.IActionResult] Delete(Int32) on controller MyShop.Controllers.ItemController (MyShop).
2024-10-07 14:09:50.902 +02:00 [INF] Executing ViewResult, running view Delete.
2024-10-07 14:09:50.907 +02:00 [INF] Executed ViewResult - view Delete executed in 5.2354ms.
2024-10-07 14:09:50.907 +02:00 [INF] Executed action MyShop.Controllers.ItemController.Delete (MyShop) in 31.2462ms
2024-10-07 14:09:50.907 +02:00 [INF] Executed endpoint 'MyShop.Controllers.ItemController.Delete (MyShop)'
2024-10-07 14:09:50.908 +02:00 [INF] Request finished HTTP/2 GET https://localhost:7119/Item/Delete/9 - 200 null text/html; charset=utf-8 38.4574ms
2024-10-07 14:09:52.168 +02:00 [INF] Request starting HTTP/2 POST https://localhost:7119/Item/DeleteConfirmed/9 - application/x-www-form-urlencoded 182
2024-10-07 14:09:52.168 +02:00 [INF] Executing endpoint 'MyShop.Controllers.ItemController.DeleteConfirmed (MyShop)'
2024-10-07 14:09:52.175 +02:00 [INF] Route matched with {action = "DeleteConfirmed", controller = "Item"}. Executing controller action with signature System.Threading.Tasks.Task`1[Microsoft.AspNetCore.Mvc.IActionResult] DeleteConfirmed(Int32) on controller MyShop.Controllers.ItemController (MyShop).
2024-10-07 14:09:52.197 +02:00 [INF] Executing RedirectResult, redirecting to /Item/Table.
2024-10-07 14:09:52.197 +02:00 [INF] Executed action MyShop.Controllers.ItemController.DeleteConfirmed (MyShop) in 21.9377ms
2024-10-07 14:09:52.197 +02:00 [INF] Executed endpoint 'MyShop.Controllers.ItemController.DeleteConfirmed (MyShop)'
2024-10-07 14:09:52.197 +02:00 [INF] Request finished HTTP/2 POST https://localhost:7119/Item/DeleteConfirmed/9 - 302 0 null 29.61ms
2024-10-07 14:09:52.247 +02:00 [INF] Request starting HTTP/2 GET https://localhost:7119/Item/Table - null null
2024-10-07 14:09:52.247 +02:00 [INF] Executing endpoint 'MyShop.Controllers.ItemController.Table (MyShop)'
2024-10-07 14:09:52.247 +02:00 [INF] Route matched with {action = "Table", controller = "Item"}. Executing controller action with signature System.Threading.Tasks.Task`1[Microsoft.AspNetCore.Mvc.IActionResult] Table() on controller MyShop.Controllers.ItemController (MyShop).
2024-10-07 14:09:52.250 +02:00 [INF] Executing ViewResult, running view Table.
2024-10-07 14:09:52.327 +02:00 [INF] Executed ViewResult - view Table executed in 76.677ms.
2024-10-07 14:09:52.423 +02:00 [INF] Executed action MyShop.Controllers.ItemController.Table (MyShop) in 175.3946ms
2024-10-07 14:09:52.423 +02:00 [INF] Executed endpoint 'MyShop.Controllers.ItemController.Table (MyShop)'
2024-10-07 14:09:52.424 +02:00 [INF] Request finished HTTP/2 GET https://localhost:7119/Item/Table - 200 null text/html; charset=utf-8 176.6579ms
