2024-10-07 10:37:44.871 +02:00 [INF] User profile is available. Using '/Users/alexmccorkle/.aspnet/DataProtection-Keys' as key repository; keys will not be encrypted at rest.
2024-10-07 10:37:45.087 +02:00 [INF] Now listening on: https://localhost:7119
2024-10-07 10:37:45.088 +02:00 [INF] Now listening on: http://localhost:5041
2024-10-07 10:37:45.091 +02:00 [INF] Application started. Press Ctrl+C to shut down.
2024-10-07 10:37:45.091 +02:00 [INF] Hosting environment: Development
2024-10-07 10:37:45.092 +02:00 [INF] Content root path: /Users/alexmccorkle/Documents/IT/Year_3/WebApp/MVCDemos/MyShop
2024-10-07 10:37:45.928 +02:00 [INF] Request starting HTTP/2 GET https://localhost:7119/ - null null
2024-10-07 10:37:45.955 +02:00 [INF] Executing endpoint 'MyShop.Controllers.HomeController.Index (MyShop)'
2024-10-07 10:37:45.961 +02:00 [INF] Route matched with {action = "Index", controller = "Home"}. Executing controller action with signature Microsoft.AspNetCore.Mvc.IActionResult Index() on controller MyShop.Controllers.HomeController (MyShop).
2024-10-07 10:37:45.968 +02:00 [INF] Executing ViewResult, running view Index.
2024-10-07 10:37:46.017 +02:00 [INF] Executed ViewResult - view Index executed in 47.8907ms.
2024-10-07 10:37:46.020 +02:00 [INF] Executed action MyShop.Controllers.HomeController.Index (MyShop) in 58.1143ms
2024-10-07 10:37:46.020 +02:00 [INF] Executed endpoint 'MyShop.Controllers.HomeController.Index (MyShop)'
2024-10-07 10:37:46.023 +02:00 [INF] Request finished HTTP/2 GET https://localhost:7119/ - 200 null text/html; charset=utf-8 98.1875ms
2024-10-07 10:37:58.849 +02:00 [INF] Request starting HTTP/2 GET https://localhost:7119/Item/Table - null null
2024-10-07 10:37:58.856 +02:00 [INF] Executing endpoint 'MyShop.Controllers.ItemController.Table (MyShop)'
2024-10-07 10:37:58.867 +02:00 [INF] Route matched with {action = "Table", controller = "Item"}. Executing controller action with signature System.Threading.Tasks.Task`1[Microsoft.AspNetCore.Mvc.IActionResult] Table() on controller MyShop.Controllers.ItemController (MyShop).
2024-10-07 10:37:58.877 +02:00 [INF] This is an information message
2024-10-07 10:37:58.878 +02:00 [WRN] This is a warning message
2024-10-07 10:37:58.879 +02:00 [ERR] This is an error message
2024-10-07 10:37:58.932 +02:00 [INF] Executing ViewResult, running view Table.
2024-10-07 10:37:59.015 +02:00 [INF] Executed ViewResult - view Table executed in 84.1715ms.
2024-10-07 10:37:59.017 +02:00 [INF] Executed action MyShop.Controllers.ItemController.Table (MyShop) in 149.9439ms
2024-10-07 10:37:59.017 +02:00 [INF] Executed endpoint 'MyShop.Controllers.ItemController.Table (MyShop)'
2024-10-07 10:37:59.019 +02:00 [INF] Request finished HTTP/2 GET https://localhost:7119/Item/Table - 200 null text/html; charset=utf-8 170.849ms
2024-10-07 10:37:59.058 +02:00 [INF] Request starting HTTP/2 GET https://localhost:7119/images/frenchfries.jpg - null null
2024-10-07 10:37:59.058 +02:00 [INF] Request starting HTTP/2 GET https://localhost:7119/images/chickenleg.jpg - null null
2024-10-07 10:37:59.058 +02:00 [INF] Request starting HTTP/2 GET https://localhost:7119/images/ribs.jpg - null null
2024-10-07 10:37:59.084 +02:00 [INF] Request starting HTTP/2 GET https://localhost:7119/images/coke.jpg - null null
2024-10-07 10:37:59.084 +02:00 [INF] Request starting HTTP/2 GET https://localhost:7119/images/cider.jpg - null null
2024-10-07 10:37:59.276 +02:00 [INF] Sending file. Request path: '/images/frenchfries.jpg'. Physical path: '/Users/alexmccorkle/Documents/IT/Year_3/WebApp/MVCDemos/MyShop/wwwroot/images/frenchfries.jpg'
2024-10-07 10:37:59.276 +02:00 [INF] Sending file. Request path: '/images/chickenleg.jpg'. Physical path: '/Users/alexmccorkle/Documents/IT/Year_3/WebApp/MVCDemos/MyShop/wwwroot/images/chickenleg.jpg'
2024-10-07 10:37:59.276 +02:00 [INF] Sending file. Request path: '/images/cider.jpg'. Physical path: '/Users/alexmccorkle/Documents/IT/Year_3/WebApp/MVCDemos/MyShop/wwwroot/images/cider.jpg'
2024-10-07 10:37:59.276 +02:00 [INF] Sending file. Request path: '/images/coke.jpg'. Physical path: '/Users/alexmccorkle/Documents/IT/Year_3/WebApp/MVCDemos/MyShop/wwwroot/images/coke.jpg'
2024-10-07 10:37:59.277 +02:00 [INF] Sending file. Request path: '/images/ribs.jpg'. Physical path: '/Users/alexmccorkle/Documents/IT/Year_3/WebApp/MVCDemos/MyShop/wwwroot/images/ribs.jpg'
2024-10-07 10:37:59.278 +02:00 [INF] Request finished HTTP/2 GET https://localhost:7119/images/ribs.jpg - 200 141554 image/jpeg 219.4422ms
2024-10-07 10:37:59.278 +02:00 [INF] Request finished HTTP/2 GET https://localhost:7119/images/frenchfries.jpg - 200 52799 image/jpeg 219.6159ms
2024-10-07 10:37:59.278 +02:00 [INF] Request finished HTTP/2 GET https://localhost:7119/images/chickenleg.jpg - 200 63434 image/jpeg 219.6521ms
2024-10-07 10:37:59.278 +02:00 [INF] Request finished HTTP/2 GET https://localhost:7119/images/coke.jpg - 200 40331 image/jpeg 193.9323ms
2024-10-07 10:37:59.278 +02:00 [INF] Request finished HTTP/2 GET https://localhost:7119/images/cider.jpg - 200 28236 image/jpeg 193.9811ms
2024-10-07 10:38:14.055 +02:00 [INF] Request starting HTTP/2 GET https://localhost:7119/Customer/Table - null null
2024-10-07 10:38:14.059 +02:00 [INF] Executing endpoint 'MyShop.Controllers.CustomerController.Table (MyShop)'
2024-10-07 10:38:14.067 +02:00 [INF] Route matched with {action = "Table", controller = "Customer"}. Executing controller action with signature System.Threading.Tasks.Task`1[Microsoft.AspNetCore.Mvc.IActionResult] Table() on controller MyShop.Controllers.CustomerController (MyShop).
2024-10-07 10:38:14.136 +02:00 [INF] Executing ViewResult, running view Table.
2024-10-07 10:38:14.160 +02:00 [INF] Executed ViewResult - view Table executed in 24.8647ms.
2024-10-07 10:38:14.160 +02:00 [INF] Executed action MyShop.Controllers.CustomerController.Table (MyShop) in 93.34ms
2024-10-07 10:38:14.160 +02:00 [INF] Executed endpoint 'MyShop.Controllers.CustomerController.Table (MyShop)'
2024-10-07 10:38:14.161 +02:00 [INF] Request finished HTTP/2 GET https://localhost:7119/Customer/Table - 200 null text/html; charset=utf-8 106.4266ms
2024-10-07 10:38:31.719 +02:00 [INF] Request starting HTTP/2 GET https://localhost:7119/Order/Table - null null
2024-10-07 10:38:31.749 +02:00 [INF] Executing endpoint 'MyShop.Controllers.OrderController.Table (MyShop)'
2024-10-07 10:38:31.758 +02:00 [INF] Route matched with {action = "Table", controller = "Order"}. Executing controller action with signature System.Threading.Tasks.Task`1[Microsoft.AspNetCore.Mvc.IActionResult] Table() on controller MyShop.Controllers.OrderController (MyShop).
2024-10-07 10:38:31.783 +02:00 [INF] Executing ViewResult, running view Table.
2024-10-07 10:38:31.813 +02:00 [INF] Executed ViewResult - view Table executed in 30.0797ms.
2024-10-07 10:38:31.813 +02:00 [INF] Executed action MyShop.Controllers.OrderController.Table (MyShop) in 54.7722ms
2024-10-07 10:38:31.813 +02:00 [INF] Executed endpoint 'MyShop.Controllers.OrderController.Table (MyShop)'
2024-10-07 10:38:31.813 +02:00 [INF] Request finished HTTP/2 GET https://localhost:7119/Order/Table - 200 null text/html; charset=utf-8 118.4037ms
2024-10-07 10:38:31.884 +02:00 [INF] Request starting HTTP/2 GET https://localhost:7119/favicon.ico - null null
2024-10-07 10:38:31.934 +02:00 [INF] Request finished HTTP/2 GET https://localhost:7119/favicon.ico - 499 null null 50.7914ms
2024-10-07 10:38:31.935 +02:00 [INF] Request reached the end of the middleware pipeline without being handled by application code. Request path: GET https://localhost:7119/favicon.ico, Response status code: 499
2024-10-07 10:38:35.920 +02:00 [INF] Request starting HTTP/2 GET https://localhost:7119/Customer/Table - null null
2024-10-07 10:38:35.923 +02:00 [INF] Executing endpoint 'MyShop.Controllers.CustomerController.Table (MyShop)'
2024-10-07 10:38:35.923 +02:00 [INF] Route matched with {action = "Table", controller = "Customer"}. Executing controller action with signature System.Threading.Tasks.Task`1[Microsoft.AspNetCore.Mvc.IActionResult] Table() on controller MyShop.Controllers.CustomerController (MyShop).
2024-10-07 10:38:35.932 +02:00 [INF] Executing ViewResult, running view Table.
2024-10-07 10:38:35.941 +02:00 [INF] Executed ViewResult - view Table executed in 9.4091ms.
2024-10-07 10:38:35.941 +02:00 [INF] Executed action MyShop.Controllers.CustomerController.Table (MyShop) in 17.9622ms
2024-10-07 10:38:35.941 +02:00 [INF] Executed endpoint 'MyShop.Controllers.CustomerController.Table (MyShop)'
2024-10-07 10:38:35.942 +02:00 [INF] Request finished HTTP/2 GET https://localhost:7119/Customer/Table - 200 null text/html; charset=utf-8 47.3503ms
2024-10-07 10:38:37.510 +02:00 [INF] Request starting HTTP/2 GET https://localhost:7119/ - null null
2024-10-07 10:38:37.510 +02:00 [INF] Executing endpoint 'MyShop.Controllers.HomeController.Index (MyShop)'
2024-10-07 10:38:37.536 +02:00 [INF] Route matched with {action = "Index", controller = "Home"}. Executing controller action with signature Microsoft.AspNetCore.Mvc.IActionResult Index() on controller MyShop.Controllers.HomeController (MyShop).
2024-10-07 10:38:37.540 +02:00 [INF] Executing ViewResult, running view Index.
2024-10-07 10:38:37.541 +02:00 [INF] Executed ViewResult - view Index executed in 1.9763ms.
2024-10-07 10:38:37.542 +02:00 [INF] Executed action MyShop.Controllers.HomeController.Index (MyShop) in 2.4154ms
2024-10-07 10:38:37.542 +02:00 [INF] Executed endpoint 'MyShop.Controllers.HomeController.Index (MyShop)'
2024-10-07 10:38:37.542 +02:00 [INF] Request finished HTTP/2 GET https://localhost:7119/ - 200 null text/html; charset=utf-8 31.9011ms
2024-10-07 10:38:38.466 +02:00 [INF] Request starting HTTP/2 GET https://localhost:7119/Item/Table - null null
2024-10-07 10:38:38.468 +02:00 [INF] Executing endpoint 'MyShop.Controllers.ItemController.Table (MyShop)'
2024-10-07 10:38:38.468 +02:00 [INF] Route matched with {action = "Table", controller = "Item"}. Executing controller action with signature System.Threading.Tasks.Task`1[Microsoft.AspNetCore.Mvc.IActionResult] Table() on controller MyShop.Controllers.ItemController (MyShop).
2024-10-07 10:38:38.470 +02:00 [INF] This is an information message
2024-10-07 10:38:38.472 +02:00 [WRN] This is a warning message
2024-10-07 10:38:38.473 +02:00 [ERR] This is an error message
2024-10-07 10:38:38.477 +02:00 [INF] Executing ViewResult, running view Table.
2024-10-07 10:38:38.555 +02:00 [INF] Executed ViewResult - view Table executed in 77.894ms.
2024-10-07 10:38:38.582 +02:00 [INF] Executed action MyShop.Controllers.ItemController.Table (MyShop) in 113.2876ms
2024-10-07 10:38:38.583 +02:00 [INF] Executed endpoint 'MyShop.Controllers.ItemController.Table (MyShop)'
2024-10-07 10:38:38.583 +02:00 [INF] Request finished HTTP/2 GET https://localhost:7119/Item/Table - 200 null text/html; charset=utf-8 117.1613ms
2024-10-07 10:38:48.857 +02:00 [INF] Request starting HTTP/2 GET https://localhost:7119/Item/Grid - null null
2024-10-07 10:38:48.858 +02:00 [INF] Executing endpoint 'MyShop.Controllers.ItemController.Grid (MyShop)'
2024-10-07 10:38:48.863 +02:00 [INF] Route matched with {action = "Grid", controller = "Item"}. Executing controller action with signature System.Threading.Tasks.Task`1[Microsoft.AspNetCore.Mvc.IActionResult] Grid() on controller MyShop.Controllers.ItemController (MyShop).
2024-10-07 10:38:48.869 +02:00 [INF] Executing ViewResult, running view Grid.
2024-10-07 10:38:49.069 +02:00 [INF] Executed ViewResult - view Grid executed in 154.7276ms.
2024-10-07 10:38:49.115 +02:00 [INF] Executed action MyShop.Controllers.ItemController.Grid (MyShop) in 252.0615ms
2024-10-07 10:38:49.116 +02:00 [INF] Executed endpoint 'MyShop.Controllers.ItemController.Grid (MyShop)'
2024-10-07 10:38:49.116 +02:00 [INF] Request finished HTTP/2 GET https://localhost:7119/Item/Grid - 200 null text/html; charset=utf-8 259.009ms
2024-10-07 10:38:57.378 +02:00 [INF] Request starting HTTP/2 GET https://localhost:7119/Item/Details/1 - null null
2024-10-07 10:38:57.381 +02:00 [INF] Executing endpoint 'MyShop.Controllers.ItemController.Details (MyShop)'
2024-10-07 10:38:57.397 +02:00 [INF] Route matched with {action = "Details", controller = "Item"}. Executing controller action with signature System.Threading.Tasks.Task`1[Microsoft.AspNetCore.Mvc.IActionResult] Details(Int32) on controller MyShop.Controllers.ItemController (MyShop).
2024-10-07 10:38:57.422 +02:00 [INF] Executing ViewResult, running view Details.
2024-10-07 10:38:57.424 +02:00 [INF] Executed ViewResult - view Details executed in 2.5005ms.
2024-10-07 10:38:57.424 +02:00 [INF] Executed action MyShop.Controllers.ItemController.Details (MyShop) in 26.4024ms
2024-10-07 10:38:57.424 +02:00 [INF] Executed endpoint 'MyShop.Controllers.ItemController.Details (MyShop)'
2024-10-07 10:38:57.424 +02:00 [INF] Request finished HTTP/2 GET https://localhost:7119/Item/Details/1 - 200 null text/html; charset=utf-8 45.7807ms
2024-10-07 10:39:01.073 +02:00 [INF] Request starting HTTP/2 GET https://localhost:7119/Item/Grid - null null
2024-10-07 10:39:01.075 +02:00 [INF] Executing endpoint 'MyShop.Controllers.ItemController.Grid (MyShop)'
2024-10-07 10:39:01.076 +02:00 [INF] Route matched with {action = "Grid", controller = "Item"}. Executing controller action with signature System.Threading.Tasks.Task`1[Microsoft.AspNetCore.Mvc.IActionResult] Grid() on controller MyShop.Controllers.ItemController (MyShop).
2024-10-07 10:39:01.086 +02:00 [INF] Executing ViewResult, running view Grid.
2024-10-07 10:39:01.212 +02:00 [INF] Executed ViewResult - view Grid executed in 123.7245ms.
2024-10-07 10:39:01.213 +02:00 [INF] Executed action MyShop.Controllers.ItemController.Grid (MyShop) in 136.8982ms
2024-10-07 10:39:01.213 +02:00 [INF] Executed endpoint 'MyShop.Controllers.ItemController.Grid (MyShop)'
2024-10-07 10:39:01.238 +02:00 [INF] Request finished HTTP/2 GET https://localhost:7119/Item/Grid - 200 null text/html; charset=utf-8 165.4707ms
2024-10-07 10:39:02.327 +02:00 [INF] Request starting HTTP/2 GET https://localhost:7119/Item/Table - null null
2024-10-07 10:39:02.327 +02:00 [INF] Executing endpoint 'MyShop.Controllers.ItemController.Table (MyShop)'
2024-10-07 10:39:02.328 +02:00 [INF] Route matched with {action = "Table", controller = "Item"}. Executing controller action with signature System.Threading.Tasks.Task`1[Microsoft.AspNetCore.Mvc.IActionResult] Table() on controller MyShop.Controllers.ItemController (MyShop).
2024-10-07 10:39:02.329 +02:00 [INF] This is an information message
2024-10-07 10:39:02.329 +02:00 [WRN] This is a warning message
2024-10-07 10:39:02.330 +02:00 [ERR] This is an error message
2024-10-07 10:39:02.333 +02:00 [INF] Executing ViewResult, running view Table.
2024-10-07 10:39:02.335 +02:00 [INF] Executed ViewResult - view Table executed in 2.2003ms.
2024-10-07 10:39:02.336 +02:00 [INF] Executed action MyShop.Controllers.ItemController.Table (MyShop) in 8.1112ms
2024-10-07 10:39:02.336 +02:00 [INF] Executed endpoint 'MyShop.Controllers.ItemController.Table (MyShop)'
2024-10-07 10:39:02.336 +02:00 [INF] Request finished HTTP/2 GET https://localhost:7119/Item/Table - 200 null text/html; charset=utf-8 34.9746ms
2024-10-07 10:39:03.724 +02:00 [INF] Request starting HTTP/2 GET https://localhost:7119/Customer/Table - null null
2024-10-07 10:39:03.724 +02:00 [INF] Executing endpoint 'MyShop.Controllers.CustomerController.Table (MyShop)'
2024-10-07 10:39:03.725 +02:00 [INF] Route matched with {action = "Table", controller = "Customer"}. Executing controller action with signature System.Threading.Tasks.Task`1[Microsoft.AspNetCore.Mvc.IActionResult] Table() on controller MyShop.Controllers.CustomerController (MyShop).
2024-10-07 10:39:03.733 +02:00 [INF] Executing ViewResult, running view Table.
2024-10-07 10:39:03.740 +02:00 [INF] Executed ViewResult - view Table executed in 7.2403ms.
2024-10-07 10:39:03.741 +02:00 [INF] Executed action MyShop.Controllers.CustomerController.Table (MyShop) in 16.0286ms
2024-10-07 10:39:03.741 +02:00 [INF] Executed endpoint 'MyShop.Controllers.CustomerController.Table (MyShop)'
2024-10-07 10:39:03.741 +02:00 [INF] Request finished HTTP/2 GET https://localhost:7119/Customer/Table - 200 null text/html; charset=utf-8 40.8845ms
2024-10-07 10:39:05.373 +02:00 [INF] Request starting HTTP/2 GET https://localhost:7119/Customer/Table - null null
2024-10-07 10:39:05.373 +02:00 [INF] Executing endpoint 'MyShop.Controllers.CustomerController.Table (MyShop)'
2024-10-07 10:39:05.374 +02:00 [INF] Route matched with {action = "Table", controller = "Customer"}. Executing controller action with signature System.Threading.Tasks.Task`1[Microsoft.AspNetCore.Mvc.IActionResult] Table() on controller MyShop.Controllers.CustomerController (MyShop).
2024-10-07 10:39:05.382 +02:00 [INF] Executing ViewResult, running view Table.
2024-10-07 10:39:05.391 +02:00 [INF] Executed ViewResult - view Table executed in 8.8776ms.
2024-10-07 10:39:05.391 +02:00 [INF] Executed action MyShop.Controllers.CustomerController.Table (MyShop) in 17.464ms
2024-10-07 10:39:05.391 +02:00 [INF] Executed endpoint 'MyShop.Controllers.CustomerController.Table (MyShop)'
2024-10-07 10:39:05.391 +02:00 [INF] Request finished HTTP/2 GET https://localhost:7119/Customer/Table - 200 null text/html; charset=utf-8 18.5795ms
2024-10-07 10:39:06.004 +02:00 [INF] Request starting HTTP/2 GET https://localhost:7119/Order/Table - null null
2024-10-07 10:39:06.006 +02:00 [INF] Executing endpoint 'MyShop.Controllers.OrderController.Table (MyShop)'
2024-10-07 10:39:06.006 +02:00 [INF] Route matched with {action = "Table", controller = "Order"}. Executing controller action with signature System.Threading.Tasks.Task`1[Microsoft.AspNetCore.Mvc.IActionResult] Table() on controller MyShop.Controllers.OrderController (MyShop).
2024-10-07 10:39:06.012 +02:00 [INF] Executing ViewResult, running view Table.
2024-10-07 10:39:06.031 +02:00 [INF] Executed ViewResult - view Table executed in 18.58ms.
2024-10-07 10:39:06.033 +02:00 [INF] Executed action MyShop.Controllers.OrderController.Table (MyShop) in 26.4799ms
2024-10-07 10:39:06.033 +02:00 [INF] Executed endpoint 'MyShop.Controllers.OrderController.Table (MyShop)'
2024-10-07 10:39:06.033 +02:00 [INF] Request finished HTTP/2 GET https://localhost:7119/Order/Table - 200 null text/html; charset=utf-8 29.7217ms
2024-10-07 10:39:07.144 +02:00 [INF] Request starting HTTP/2 GET https://localhost:7119/ - null null
2024-10-07 10:39:07.144 +02:00 [INF] Executing endpoint 'MyShop.Controllers.HomeController.Index (MyShop)'
2024-10-07 10:39:07.145 +02:00 [INF] Route matched with {action = "Index", controller = "Home"}. Executing controller action with signature Microsoft.AspNetCore.Mvc.IActionResult Index() on controller MyShop.Controllers.HomeController (MyShop).
2024-10-07 10:39:07.145 +02:00 [INF] Executing ViewResult, running view Index.
2024-10-07 10:39:07.146 +02:00 [INF] Executed ViewResult - view Index executed in 0.9728ms.
2024-10-07 10:39:07.146 +02:00 [INF] Executed action MyShop.Controllers.HomeController.Index (MyShop) in 1.1625ms
2024-10-07 10:39:07.146 +02:00 [INF] Executed endpoint 'MyShop.Controllers.HomeController.Index (MyShop)'
2024-10-07 10:39:07.146 +02:00 [INF] Request finished HTTP/2 GET https://localhost:7119/ - 200 null text/html; charset=utf-8 2.2525ms
2024-10-07 10:39:07.805 +02:00 [INF] Request starting HTTP/2 GET https://localhost:7119/ - null null
2024-10-07 10:39:07.806 +02:00 [INF] Executing endpoint 'MyShop.Controllers.HomeController.Index (MyShop)'
2024-10-07 10:39:07.806 +02:00 [INF] Route matched with {action = "Index", controller = "Home"}. Executing controller action with signature Microsoft.AspNetCore.Mvc.IActionResult Index() on controller MyShop.Controllers.HomeController (MyShop).
2024-10-07 10:39:07.806 +02:00 [INF] Executing ViewResult, running view Index.
2024-10-07 10:39:07.807 +02:00 [INF] Executed ViewResult - view Index executed in 0.7005ms.
2024-10-07 10:39:07.807 +02:00 [INF] Executed action MyShop.Controllers.HomeController.Index (MyShop) in 0.9079ms
2024-10-07 10:39:07.807 +02:00 [INF] Executed endpoint 'MyShop.Controllers.HomeController.Index (MyShop)'
2024-10-07 10:39:07.807 +02:00 [INF] Request finished HTTP/2 GET https://localhost:7119/ - 200 null text/html; charset=utf-8 1.9816ms
