2024-10-07 14:10:20.473 +02:00 [INF] User profile is available. Using '/Users/alexmccorkle/.aspnet/DataProtection-Keys' as key repository; keys will not be encrypted at rest.
2024-10-07 14:10:20.713 +02:00 [INF] Now listening on: https://localhost:7119
2024-10-07 14:10:20.739 +02:00 [INF] Now listening on: http://localhost:5041
2024-10-07 14:10:20.887 +02:00 [INF] Application started. Press Ctrl+C to shut down.
2024-10-07 14:10:20.890 +02:00 [INF] Hosting environment: Development
2024-10-07 14:10:20.891 +02:00 [INF] Content root path: /Users/alexmccorkle/Documents/IT/Year_3/WebApp/MVCDemos/MyShop
2024-10-07 14:10:21.277 +02:00 [INF] Request starting HTTP/2 GET https://localhost:7119/ - null null
2024-10-07 14:10:21.288 +02:00 [INF] Executing endpoint 'MyShop.Controllers.HomeController.Index (MyShop)'
2024-10-07 14:10:21.292 +02:00 [INF] Route matched with {action = "Index", controller = "Home"}. Executing controller action with signature Microsoft.AspNetCore.Mvc.IActionResult Index() on controller MyShop.Controllers.HomeController (MyShop).
2024-10-07 14:10:21.296 +02:00 [INF] Executing ViewResult, running view Index.
2024-10-07 14:10:21.327 +02:00 [INF] Executed ViewResult - view Index executed in 29.8528ms.
2024-10-07 14:10:21.329 +02:00 [INF] Executed action MyShop.Controllers.HomeController.Index (MyShop) in 36.2851ms
2024-10-07 14:10:21.329 +02:00 [INF] Executed endpoint 'MyShop.Controllers.HomeController.Index (MyShop)'
2024-10-07 14:10:21.330 +02:00 [INF] Request finished HTTP/2 GET https://localhost:7119/ - 200 null text/html; charset=utf-8 54.2471ms
2024-10-07 14:10:21.656 +02:00 [INF] Request starting HTTP/2 GET https://localhost:7119/images/fishandchips.jpg - null null
2024-10-07 14:10:21.656 +02:00 [INF] Request starting HTTP/2 GET https://localhost:7119/images/pizza.jpg - null null
2024-10-07 14:10:21.656 +02:00 [INF] Request starting HTTP/2 GET https://localhost:7119/images/tacos.jpg - null null
2024-10-07 14:10:21.733 +02:00 [INF] Request starting HTTP/2 GET https://localhost:7119/favicon.ico - null null
2024-10-07 14:10:21.736 +02:00 [INF] Request finished HTTP/2 GET https://localhost:7119/favicon.ico - 499 null null 3.3517ms
2024-10-07 14:10:21.737 +02:00 [INF] Request reached the end of the middleware pipeline without being handled by application code. Request path: GET https://localhost:7119/favicon.ico, Response status code: 499
2024-10-07 14:10:21.747 +02:00 [INF] Sending file. Request path: '/images/pizza.jpg'. Physical path: '/Users/alexmccorkle/Documents/IT/Year_3/WebApp/MVCDemos/MyShop/wwwroot/images/pizza.jpg'
2024-10-07 14:10:21.747 +02:00 [INF] Sending file. Request path: '/images/fishandchips.jpg'. Physical path: '/Users/alexmccorkle/Documents/IT/Year_3/WebApp/MVCDemos/MyShop/wwwroot/images/fishandchips.jpg'
2024-10-07 14:10:21.747 +02:00 [INF] Sending file. Request path: '/images/tacos.jpg'. Physical path: '/Users/alexmccorkle/Documents/IT/Year_3/WebApp/MVCDemos/MyShop/wwwroot/images/tacos.jpg'
2024-10-07 14:10:21.747 +02:00 [INF] Request finished HTTP/2 GET https://localhost:7119/images/pizza.jpg - 499 127421 image/jpeg 166.1755ms
2024-10-07 14:10:21.747 +02:00 [INF] Request finished HTTP/2 GET https://localhost:7119/images/fishandchips.jpg - 499 100023 image/jpeg 166.1922ms
2024-10-07 14:10:21.747 +02:00 [INF] Request finished HTTP/2 GET https://localhost:7119/images/tacos.jpg - 499 118763 image/jpeg 91.393ms
2024-10-07 14:10:29.803 +02:00 [INF] Request starting HTTP/2 GET https://localhost:7119/Item/Table - null null
2024-10-07 14:10:29.806 +02:00 [INF] Executing endpoint 'MyShop.Controllers.ItemController.Table (MyShop)'
2024-10-07 14:10:29.812 +02:00 [INF] Route matched with {action = "Table", controller = "Item"}. Executing controller action with signature System.Threading.Tasks.Task`1[Microsoft.AspNetCore.Mvc.IActionResult] Table() on controller MyShop.Controllers.ItemController (MyShop).
2024-10-07 14:10:29.917 +02:00 [INF] Executing ViewResult, running view Table.
2024-10-07 14:10:29.939 +02:00 [INF] Executed ViewResult - view Table executed in 65.9328ms.
2024-10-07 14:10:29.940 +02:00 [INF] Executed action MyShop.Controllers.ItemController.Table (MyShop) in 128.4822ms
2024-10-07 14:10:29.940 +02:00 [INF] Executed endpoint 'MyShop.Controllers.ItemController.Table (MyShop)'
2024-10-07 14:10:29.943 +02:00 [INF] Request finished HTTP/2 GET https://localhost:7119/Item/Table - 200 null text/html; charset=utf-8 140.2402ms
2024-10-07 14:10:29.975 +02:00 [INF] Request starting HTTP/2 GET https://localhost:7119/images/chickenleg.jpg - null null
2024-10-07 14:10:29.975 +02:00 [INF] Request starting HTTP/2 GET https://localhost:7119/images/ribs.jpg - null null
2024-10-07 14:10:30.049 +02:00 [INF] Request starting HTTP/2 GET https://localhost:7119/images/frenchfries.jpg - null null
2024-10-07 14:10:30.049 +02:00 [INF] Request starting HTTP/2 GET https://localhost:7119/images/cider.jpg - null null
2024-10-07 14:10:30.049 +02:00 [INF] Request starting HTTP/2 GET https://localhost:7119/images/coke.jpg - null null
2024-10-07 14:10:30.098 +02:00 [INF] Sending file. Request path: '/images/cider.jpg'. Physical path: '/Users/alexmccorkle/Documents/IT/Year_3/WebApp/MVCDemos/MyShop/wwwroot/images/cider.jpg'
2024-10-07 14:10:30.098 +02:00 [INF] Sending file. Request path: '/images/coke.jpg'. Physical path: '/Users/alexmccorkle/Documents/IT/Year_3/WebApp/MVCDemos/MyShop/wwwroot/images/coke.jpg'
2024-10-07 14:10:30.098 +02:00 [INF] Sending file. Request path: '/images/chickenleg.jpg'. Physical path: '/Users/alexmccorkle/Documents/IT/Year_3/WebApp/MVCDemos/MyShop/wwwroot/images/chickenleg.jpg'
2024-10-07 14:10:30.098 +02:00 [INF] Request finished HTTP/2 GET https://localhost:7119/images/chickenleg.jpg - 499 63434 image/jpeg 123.1767ms
2024-10-07 14:10:30.098 +02:00 [INF] Request finished HTTP/2 GET https://localhost:7119/images/coke.jpg - 499 40331 image/jpeg 48.781ms
2024-10-07 14:10:30.098 +02:00 [INF] Sending file. Request path: '/images/frenchfries.jpg'. Physical path: '/Users/alexmccorkle/Documents/IT/Year_3/WebApp/MVCDemos/MyShop/wwwroot/images/frenchfries.jpg'
2024-10-07 14:10:30.098 +02:00 [INF] Request finished HTTP/2 GET https://localhost:7119/images/frenchfries.jpg - 499 52799 image/jpeg 49.2096ms
2024-10-07 14:10:30.098 +02:00 [INF] Sending file. Request path: '/images/ribs.jpg'. Physical path: '/Users/alexmccorkle/Documents/IT/Year_3/WebApp/MVCDemos/MyShop/wwwroot/images/ribs.jpg'
2024-10-07 14:10:30.098 +02:00 [INF] Request finished HTTP/2 GET https://localhost:7119/images/ribs.jpg - 499 141554 image/jpeg 123.1945ms
2024-10-07 14:10:30.098 +02:00 [INF] Request finished HTTP/2 GET https://localhost:7119/images/cider.jpg - 499 28236 image/jpeg 48.8788ms
2024-10-07 14:10:31.227 +02:00 [INF] Request starting HTTP/2 GET https://localhost:7119/Item/Create - null null
2024-10-07 14:10:31.230 +02:00 [INF] Executing endpoint 'MyShop.Controllers.ItemController.Create (MyShop)'
2024-10-07 14:10:31.231 +02:00 [INF] Route matched with {action = "Create", controller = "Item"}. Executing controller action with signature Microsoft.AspNetCore.Mvc.IActionResult Create() on controller MyShop.Controllers.ItemController (MyShop).
2024-10-07 14:10:31.233 +02:00 [INF] Executing ViewResult, running view Create.
2024-10-07 14:10:31.268 +02:00 [INF] Executed ViewResult - view Create executed in 36.395ms.
2024-10-07 14:10:31.270 +02:00 [INF] Executed action MyShop.Controllers.ItemController.Create (MyShop) in 38.9081ms
2024-10-07 14:10:31.271 +02:00 [INF] Executed endpoint 'MyShop.Controllers.ItemController.Create (MyShop)'
2024-10-07 14:10:31.275 +02:00 [INF] Request finished HTTP/2 GET https://localhost:7119/Item/Create - 200 null text/html; charset=utf-8 72.6522ms
